{
  message: 'Database is connected successfully',
  level: 'info',
  service: 'user-service',
  label: 'COW',
  timestamp: '2023-06-17T08:06:47.294Z'
}
{
  message: 'Application listening on port 5000',
  level: 'info',
  service: 'user-service',
  label: 'COW',
  timestamp: '2023-06-17T08:06:47.329Z'
}
{
  message: 'Database is connected successfully',
  level: 'info',
  service: 'user-service',
  label: 'COW',
  timestamp: '2023-06-17T08:08:43.529Z'
}
{
  message: 'Application listening on port 5000',
  level: 'info',
  service: 'user-service',
  label: 'COW',
  timestamp: '2023-06-17T08:08:43.552Z'
}
{
  message: 'Database is connected successfully',
  level: 'info',
  service: 'user-service',
  label: 'COW',
  timestamp: '2023-06-17T08:34:13.414Z'
}
{
  message: 'Application listening on port 5000',
  level: 'info',
  service: 'user-service',
  label: 'COW',
  timestamp: '2023-06-17T08:34:13.441Z'
}
