{
  message: 'Database is connected successfully',
  level: 'info',
  service: 'user-service',
  label: 'COW',
  timestamp: '2023-06-18T13:23:56.751Z'
}
{
  message: 'Application listening on port 5000',
  level: 'info',
  service: 'user-service',
  label: 'COW',
  timestamp: '2023-06-18T13:23:56.813Z'
}
{
  message: 'Database is connected successfully',
  level: 'info',
  service: 'user-service',
  label: 'COW',
  timestamp: '2023-06-18T13:24:12.475Z'
}
{
  message: 'Application listening on port 5000',
  level: 'info',
  service: 'user-service',
  label: 'COW',
  timestamp: '2023-06-18T13:24:12.497Z'
}
{
  message: 'Database is connected successfully',
  level: 'info',
  service: 'user-service',
  label: 'COW',
  timestamp: '2023-06-18T13:26:04.997Z'
}
{
  message: 'Application listening on port 5000',
  level: 'info',
  service: 'user-service',
  label: 'COW',
  timestamp: '2023-06-18T13:26:05.026Z'
}
{
  message: 'Database is connected successfully',
  level: 'info',
  service: 'user-service',
  label: 'COW',
  timestamp: '2023-06-18T13:29:44.528Z'
}
{
  message: 'Application listening on port 5000',
  level: 'info',
  service: 'user-service',
  label: 'COW',
  timestamp: '2023-06-18T13:29:44.557Z'
}
{
  message: 'Database is connected successfully',
  level: 'info',
  service: 'user-service',
  label: 'COW',
  timestamp: '2023-06-18T13:31:49.629Z'
}
{
  message: 'Application listening on port 5000',
  level: 'info',
  service: 'user-service',
  label: 'COW',
  timestamp: '2023-06-18T13:31:49.653Z'
}
{
  message: 'Database is connected successfully',
  level: 'info',
  service: 'user-service',
  label: 'COW',
  timestamp: '2023-06-18T13:32:42.953Z'
}
{
  message: 'Application listening on port 5000',
  level: 'info',
  service: 'user-service',
  label: 'COW',
  timestamp: '2023-06-18T13:32:43.001Z'
}
{
  message: 'Database is connected successfully',
  level: 'info',
  service: 'user-service',
  label: 'COW',
  timestamp: '2023-06-18T13:33:10.796Z'
}
{
  message: 'Application listening on port 5000',
  level: 'info',
  service: 'user-service',
  label: 'COW',
  timestamp: '2023-06-18T13:33:10.825Z'
}
{
  message: 'Database is connected successfully',
  level: 'info',
  service: 'user-service',
  label: 'COW',
  timestamp: '2023-06-18T13:36:57.097Z'
}
{
  message: 'Application listening on port 5000',
  level: 'info',
  service: 'user-service',
  label: 'COW',
  timestamp: '2023-06-18T13:36:57.167Z'
}
{
  message: 'Database is connected successfully',
  level: 'info',
  service: 'user-service',
  label: 'COW',
  timestamp: '2023-06-18T13:38:25.580Z'
}
{
  message: 'Application listening on port 5000',
  level: 'info',
  service: 'user-service',
  label: 'COW',
  timestamp: '2023-06-18T13:38:25.606Z'
}
{
  message: 'Database is connected successfully',
  level: 'info',
  service: 'user-service',
  label: 'COW',
  timestamp: '2023-06-18T13:40:05.381Z'
}
{
  message: 'Application listening on port 5000',
  level: 'info',
  service: 'user-service',
  label: 'COW',
  timestamp: '2023-06-18T13:40:05.425Z'
}
{
  message: 'Database is connected successfully',
  level: 'info',
  service: 'user-service',
  label: 'COW',
  timestamp: '2023-06-18T13:40:28.773Z'
}
{
  message: 'Application listening on port 5000',
  level: 'info',
  service: 'user-service',
  label: 'COW',
  timestamp: '2023-06-18T13:40:28.795Z'
}
{
  message: 'Database is connected successfully',
  level: 'info',
  service: 'user-service',
  label: 'COW',
  timestamp: '2023-06-18T13:43:37.388Z'
}
{
  message: 'Application listening on port 5000',
  level: 'info',
  service: 'user-service',
  label: 'COW',
  timestamp: '2023-06-18T13:43:37.414Z'
}
{
  message: 'Database is connected successfully',
  level: 'info',
  service: 'user-service',
  label: 'COW',
  timestamp: '2023-06-18T13:44:21.920Z'
}
{
  message: 'Application listening on port 5000',
  level: 'info',
  service: 'user-service',
  label: 'COW',
  timestamp: '2023-06-18T13:44:21.945Z'
}
{
  message: 'Database is connected successfully',
  level: 'info',
  service: 'user-service',
  label: 'COW',
  timestamp: '2023-06-18T13:49:15.355Z'
}
{
  message: 'Application listening on port 5000',
  level: 'info',
  service: 'user-service',
  label: 'COW',
  timestamp: '2023-06-18T13:49:15.387Z'
}
{
  message: 'Database is connected successfully',
  level: 'info',
  service: 'user-service',
  label: 'COW',
  timestamp: '2023-06-18T13:52:24.271Z'
}
{
  message: 'Application listening on port 5000',
  level: 'info',
  service: 'user-service',
  label: 'COW',
  timestamp: '2023-06-18T13:52:24.302Z'
}
{
  message: 'Database is connected successfully',
  level: 'info',
  service: 'user-service',
  label: 'COW',
  timestamp: '2023-06-18T13:53:07.991Z'
}
{
  message: 'Application listening on port 5000',
  level: 'info',
  service: 'user-service',
  label: 'COW',
  timestamp: '2023-06-18T13:53:08.025Z'
}
