{
  message: 'Database is connected successfully',
  level: 'info',
  service: 'user-service',
  label: 'COW',
  timestamp: '2023-06-18T10:20:16.130Z'
}
{
  message: 'Application listening on port 5000',
  level: 'info',
  service: 'user-service',
  label: 'COW',
  timestamp: '2023-06-18T10:20:16.164Z'
}
{
  message: 'Database is connected successfully',
  level: 'info',
  service: 'user-service',
  label: 'COW',
  timestamp: '2023-06-18T10:22:51.626Z'
}
{
  message: 'Application listening on port 5000',
  level: 'info',
  service: 'user-service',
  label: 'COW',
  timestamp: '2023-06-18T10:22:51.655Z'
}
{
  message: 'Database is connected successfully',
  level: 'info',
  service: 'user-service',
  label: 'COW',
  timestamp: '2023-06-18T10:23:08.242Z'
}
{
  message: 'Application listening on port 5000',
  level: 'info',
  service: 'user-service',
  label: 'COW',
  timestamp: '2023-06-18T10:23:08.286Z'
}
