{
  service: 'user-service',
  issues: [
    {
      received: 'bindo',
      code: 'invalid_enum_value',
      options: [
        'Brahman',
        'Nellore',
        'Sahiwal',
        'Gir',
        'Indigenous',
        'Tharparkar',
        'Kankrej'
      ],
      path: [ 'body', 'breed' ],
      message: "Invalid enum value. Expected 'Brahman' | 'Nellore' | 'Sahiwal' | 'Gir' | 'Indigenous' | 'Tharparkar' | 'Kankrej', received 'bindo'"
    }
  ],
  addIssue: [Function (anonymous)],
  addIssues: [Function (anonymous)],
  name: 'ZodError',
  level: 'error',
  message: 'GlobalErrorHander [\n' +
    '  {\n' +
    '    "received": "bindo",\n' +
    '    "code": "invalid_enum_value",\n' +
    '    "options": [\n' +
    '      "Brahman",\n' +
    '      "Nellore",\n' +
    '      "Sahiwal",\n' +
    '      "Gir",\n' +
    '      "Indigenous",\n' +
    '      "Tharparkar",\n' +
    '      "Kankrej"\n' +
    '    ],\n' +
    '    "path": [\n' +
    '      "body",\n' +
    '      "breed"\n' +
    '    ],\n' +
    `    "message": "Invalid enum value. Expected 'Brahman' | 'Nellore' | 'Sahiwal' | 'Gir' | 'Indigenous' | 'Tharparkar' | 'Kankrej', received 'bindo'"\n` +
    '  }\n' +
    ']',
  stack: 'ZodError: [\n' +
    '  {\n' +
    '    "received": "bindo",\n' +
    '    "code": "invalid_enum_value",\n' +
    '    "options": [\n' +
    '      "Brahman",\n' +
    '      "Nellore",\n' +
    '      "Sahiwal",\n' +
    '      "Gir",\n' +
    '      "Indigenous",\n' +
    '      "Tharparkar",\n' +
    '      "Kankrej"\n' +
    '    ],\n' +
    '    "path": [\n' +
    '      "body",\n' +
    '      "breed"\n' +
    '    ],\n' +
    `    "message": "Invalid enum value. Expected 'Brahman' | 'Nellore' | 'Sahiwal' | 'Gir' | 'Indigenous' | 'Tharparkar' | 'Kankrej', received 'bindo'"\n` +
    '  }\n' +
    ']\n' +
    '    at Object.get error [as error] (E:\\Programing Hero\\New folder\\Cow Hut Backend Server\\node_modules\\zod\\lib\\types.js:43:31)\n' +
    '    at ZodObject.parseAsync (E:\\Programing Hero\\New folder\\Cow Hut Backend Server\\node_modules\\zod\\lib\\types.js:164:22)\n' +
    '    at processTicksAndRejections (node:internal/process/task_queues:95:5)',
  label: 'COW',
  timestamp: '2023-06-17T07:13:16.188Z'
}
