{
  service: 'user-service',
  ok: 0,
  code: 2,
  codeName: 'BadValue',
  '$clusterTime': {
    clusterTime: new Timestamp({ t: 1687095318, i: 1 }),
    signature: {
      hash: Binary.createFromBase64("YwzDyNXEMj91n4AybhkRWs6RISM=", 0),
      keyId: new Long("7183337771837161473")
    }
  },
  operationTime: new Timestamp({ t: 1687095318, i: 1 }),
  level: 'error',
  message: 'GlobalErrorHander $regex has to be a string',
  stack: 'MongoServerError: $regex has to be a string\n' +
    '    at Connection.onMessage (E:\\Programing Hero\\New folder\\Cow Hut Backend Server\\node_modules\\mongodb\\src\\cmap\\connection.ts:413:18)\n' +
    '    at MessageStream.<anonymous> (E:\\Programing Hero\\New folder\\Cow Hut Backend Server\\node_modules\\mongodb\\src\\cmap\\connection.ts:243:56)\n' +
    '    at MessageStream.emit (node:events:512:28)\n' +
    '    at processIncomingData (E:\\Programing Hero\\New folder\\Cow Hut Backend Server\\node_modules\\mongodb\\src\\cmap\\message_stream.ts:187:12)\n' +
    '    at MessageStream._write (E:\\Programing Hero\\New folder\\Cow Hut Backend Server\\node_modules\\mongodb\\src\\cmap\\message_stream.ts:68:5)\n' +
    '    at writeOrBuffer (node:internal/streams/writable:392:12)\n' +
    '    at _write (node:internal/streams/writable:333:10)\n' +
    '    at MessageStream.Writable.write (node:internal/streams/writable:337:10)\n' +
    '    at TLSSocket.ondata (node:internal/streams/readable:766:22)\n' +
    '    at TLSSocket.emit (node:events:512:28)',
  label: 'COW',
  timestamp: '2023-06-18T13:35:19.253Z',
  [Symbol(errorLabels)]: Set(0) {}
}
{
  service: 'user-service',
  ok: 0,
  code: 2,
  codeName: 'BadValue',
  '$clusterTime': {
    clusterTime: new Timestamp({ t: 1687095339, i: 1 }),
    signature: {
      hash: Binary.createFromBase64("sGakOMF+lzyYn61omACnPt2YuA0=", 0),
      keyId: new Long("7183337771837161473")
    }
  },
  operationTime: new Timestamp({ t: 1687095339, i: 1 }),
  level: 'error',
  message: 'GlobalErrorHander $regex has to be a string',
  stack: 'MongoServerError: $regex has to be a string\n' +
    '    at Connection.onMessage (E:\\Programing Hero\\New folder\\Cow Hut Backend Server\\node_modules\\mongodb\\src\\cmap\\connection.ts:413:18)\n' +
    '    at MessageStream.<anonymous> (E:\\Programing Hero\\New folder\\Cow Hut Backend Server\\node_modules\\mongodb\\src\\cmap\\connection.ts:243:56)\n' +
    '    at MessageStream.emit (node:events:512:28)\n' +
    '    at processIncomingData (E:\\Programing Hero\\New folder\\Cow Hut Backend Server\\node_modules\\mongodb\\src\\cmap\\message_stream.ts:187:12)\n' +
    '    at MessageStream._write (E:\\Programing Hero\\New folder\\Cow Hut Backend Server\\node_modules\\mongodb\\src\\cmap\\message_stream.ts:68:5)\n' +
    '    at writeOrBuffer (node:internal/streams/writable:392:12)\n' +
    '    at _write (node:internal/streams/writable:333:10)\n' +
    '    at MessageStream.Writable.write (node:internal/streams/writable:337:10)\n' +
    '    at TLSSocket.ondata (node:internal/streams/readable:766:22)\n' +
    '    at TLSSocket.emit (node:events:512:28)',
  label: 'COW',
  timestamp: '2023-06-18T13:35:39.799Z',
  [Symbol(errorLabels)]: Set(0) {}
}
{
  service: 'user-service',
  stringValue: `"{ location: { '$gte': NaN, '$lte': NaN } }"`,
  messageFormat: undefined,
  kind: 'Number',
  value: { location: { '$gte': NaN, '$lte': NaN } },
  path: 'price',
  reason: AssertionError [ERR_ASSERTION]: The expression evaluated to a falsy value:
  
    assert.ok(!isNaN(val))
  
      at castNumber (E:\Programing Hero\New folder\Cow Hut Backend Server\node_modules\mongoose\lib\cast\number.js:27:10)
      at SchemaNumber.cast (E:\Programing Hero\New folder\Cow Hut Backend Server\node_modules\mongoose\lib\schema\number.js:376:12)
      at SchemaNumber.SchemaType.applySetters (E:\Programing Hero\New folder\Cow Hut Backend Server\node_modules\mongoose\lib\schematype.js:1204:12)
      at SchemaNumber.castForQuery (E:\Programing Hero\New folder\Cow Hut Backend Server\node_modules\mongoose\lib\schema\number.js:430:14)
      at cast (E:\Programing Hero\New folder\Cow Hut Backend Server\node_modules\mongoose\lib\cast.js:339:34)
      at cast (E:\Programing Hero\New folder\Cow Hut Backend Server\node_modules\mongoose\lib\cast.js:71:18)
      at model.Query.Query.cast (E:\Programing Hero\New folder\Cow Hut Backend Server\node_modules\mongoose\lib\query.js:4874:12)
      at model.Query.Query._castConditions (E:\Programing Hero\New folder\Cow Hut Backend Server\node_modules\mongoose\lib\query.js:2210:10)
      at model.Query._find (E:\Programing Hero\New folder\Cow Hut Backend Server\node_modules\mongoose\lib\query.js:2236:8)
      at model.Query.exec (E:\Programing Hero\New folder\Cow Hut Backend Server\node_modules\mongoose\lib\query.js:4404:28) {
    generatedMessage: true,
    code: 'ERR_ASSERTION',
    actual: false,
    expected: true,
    operator: '=='
  },
  valueType: 'Object',
  model: Model { Cow },
  level: 'error',
  message: `GlobalErrorHander Cast to Number failed for value "{ location: { '$gte': NaN, '$lte': NaN } }" (type Object) at path "price" for model "Cow"`,
  stack: `CastError: Cast to Number failed for value "{ location: { '$gte': NaN, '$lte': NaN } }" (type Object) at path "price" for model "Cow"\n` +
    '    at SchemaNumber.cast (E:\\Programing Hero\\New folder\\Cow Hut Backend Server\\node_modules\\mongoose\\lib\\schema\\number.js:378:11)\n' +
    '    at SchemaNumber.SchemaType.applySetters (E:\\Programing Hero\\New folder\\Cow Hut Backend Server\\node_modules\\mongoose\\lib\\schematype.js:1204:12)\n' +
    '    at SchemaNumber.castForQuery (E:\\Programing Hero\\New folder\\Cow Hut Backend Server\\node_modules\\mongoose\\lib\\schema\\number.js:430:14)\n' +
    '    at cast (E:\\Programing Hero\\New folder\\Cow Hut Backend Server\\node_modules\\mongoose\\lib\\cast.js:339:34)\n' +
    '    at cast (E:\\Programing Hero\\New folder\\Cow Hut Backend Server\\node_modules\\mongoose\\lib\\cast.js:71:18)\n' +
    '    at model.Query.Query.cast (E:\\Programing Hero\\New folder\\Cow Hut Backend Server\\node_modules\\mongoose\\lib\\query.js:4874:12)\n' +
    '    at model.Query.Query._castConditions (E:\\Programing Hero\\New folder\\Cow Hut Backend Server\\node_modules\\mongoose\\lib\\query.js:2210:10)\n' +
    '    at model.Query._find (E:\\Programing Hero\\New folder\\Cow Hut Backend Server\\node_modules\\mongoose\\lib\\query.js:2236:8)\n' +
    '    at model.Query.exec (E:\\Programing Hero\\New folder\\Cow Hut Backend Server\\node_modules\\mongoose\\lib\\query.js:4404:28)\n' +
    '    at processTicksAndRejections (node:internal/process/task_queues:95:5)',
  label: 'COW',
  timestamp: '2023-06-18T13:42:09.055Z'
}
{
  service: 'user-service',
  level: 'error',
  message: 'GlobalErrorHander location is not defined',
  stack: 'ReferenceError: location is not defined\n' +
    '    at E:\\Programing Hero\\New folder\\Cow Hut Backend Server\\src\\app\\modules\\cows\\cow.Service.ts:63:3\n' +
    '    at Generator.next (<anonymous>)\n' +
    '    at E:\\Programing Hero\\New folder\\Cow Hut Backend Server\\src\\app\\modules\\cows\\cow.Service.ts:8:71\n' +
    '    at new Promise (<anonymous>)\n' +
    '    at __awaiter (E:\\Programing Hero\\New folder\\Cow Hut Backend Server\\src\\app\\modules\\cows\\cow.Service.ts:4:12)\n' +
    '    at Object.getAllCow (E:\\Programing Hero\\New folder\\Cow Hut Backend Server\\src\\app\\modules\\cows\\cow.Service.ts:24:40)\n' +
    '    at E:\\Programing Hero\\New folder\\Cow Hut Backend Server\\src\\app\\modules\\cows\\cow.Controller.ts:27:35\n' +
    '    at Generator.next (<anonymous>)\n' +
    '    at E:\\Programing Hero\\New folder\\Cow Hut Backend Server\\src\\app\\modules\\cows\\cow.Controller.ts:8:71\n' +
    '    at new Promise (<anonymous>)',
  label: 'COW',
  timestamp: '2023-06-18T13:43:44.340Z'
}
