{
  service: 'user-service',
  issues: [
    {
      code: 'invalid_type',
      expected: 'string',
      received: 'undefined',
      path: [ 'body', 'phoneNumber' ],
      message: 'Contact number is required'
    }
  ],
  addIssue: [Function (anonymous)],
  addIssues: [Function (anonymous)],
  name: 'ZodError',
  level: 'error',
  message: 'GlobalErrorHander [\n' +
    '  {\n' +
    '    "code": "invalid_type",\n' +
    '    "expected": "string",\n' +
    '    "received": "undefined",\n' +
    '    "path": [\n' +
    '      "body",\n' +
    '      "phoneNumber"\n' +
    '    ],\n' +
    '    "message": "Contact number is required"\n' +
    '  }\n' +
    ']',
  stack: 'ZodError: [\n' +
    '  {\n' +
    '    "code": "invalid_type",\n' +
    '    "expected": "string",\n' +
    '    "received": "undefined",\n' +
    '    "path": [\n' +
    '      "body",\n' +
    '      "phoneNumber"\n' +
    '    ],\n' +
    '    "message": "Contact number is required"\n' +
    '  }\n' +
    ']\n' +
    '    at Object.get error [as error] (E:\\Programing Hero\\New folder\\Cow Hut Backend Server\\node_modules\\zod\\lib\\types.js:43:31)\n' +
    '    at ZodObject.parseAsync (E:\\Programing Hero\\New folder\\Cow Hut Backend Server\\node_modules\\zod\\lib\\types.js:164:22)\n' +
    '    at processTicksAndRejections (node:internal/process/task_queues:95:5)',
  label: 'COW',
  timestamp: '2023-06-16T18:28:41.675Z'
}
{
  service: 'user-service',
  statusCode: 400,
  level: 'error',
  message: 'GlobalErrorHander Either both FirstName and LastName should be provide or neither',
  stack: 'Error: Either both FirstName and LastName should be provide or neither\n' +
    '    at E:\\Programing Hero\\New folder\\Cow Hut Backend Server\\src\\app\\modules\\users\\user.service.ts:122:11\n' +
    '    at Generator.next (<anonymous>)\n' +
    '    at E:\\Programing Hero\\New folder\\Cow Hut Backend Server\\src\\app\\modules\\users\\user.service.ts:8:71\n' +
    '    at new Promise (<anonymous>)\n' +
    '    at __awaiter (E:\\Programing Hero\\New folder\\Cow Hut Backend Server\\src\\app\\modules\\users\\user.service.ts:4:12)\n' +
    '    at Object.updateUser (E:\\Programing Hero\\New folder\\Cow Hut Backend Server\\src\\app\\modules\\users\\user.service.ts:114:28)\n' +
    '    at E:\\Programing Hero\\New folder\\Cow Hut Backend Server\\src\\app\\modules\\users\\user.controller.ts:51:36\n' +
    '    at Generator.next (<anonymous>)\n' +
    '    at E:\\Programing Hero\\New folder\\Cow Hut Backend Server\\src\\app\\modules\\users\\user.controller.ts:8:71\n' +
    '    at new Promise (<anonymous>)',
  label: 'COW',
  timestamp: '2023-06-16T18:50:17.526Z'
}
{
  service: 'user-service',
  statusCode: 400,
  level: 'error',
  message: 'GlobalErrorHander Either both FirstName and LastName should be provide or neither',
  stack: 'Error: Either both FirstName and LastName should be provide or neither\n' +
    '    at E:\\Programing Hero\\New folder\\Cow Hut Backend Server\\src\\app\\modules\\users\\user.service.ts:122:11\n' +
    '    at Generator.next (<anonymous>)\n' +
    '    at E:\\Programing Hero\\New folder\\Cow Hut Backend Server\\src\\app\\modules\\users\\user.service.ts:8:71\n' +
    '    at new Promise (<anonymous>)\n' +
    '    at __awaiter (E:\\Programing Hero\\New folder\\Cow Hut Backend Server\\src\\app\\modules\\users\\user.service.ts:4:12)\n' +
    '    at Object.updateUser (E:\\Programing Hero\\New folder\\Cow Hut Backend Server\\src\\app\\modules\\users\\user.service.ts:114:28)\n' +
    '    at E:\\Programing Hero\\New folder\\Cow Hut Backend Server\\src\\app\\modules\\users\\user.controller.ts:51:36\n' +
    '    at Generator.next (<anonymous>)\n' +
    '    at E:\\Programing Hero\\New folder\\Cow Hut Backend Server\\src\\app\\modules\\users\\user.controller.ts:8:71\n' +
    '    at new Promise (<anonymous>)',
  label: 'COW',
  timestamp: '2023-06-16T18:51:04.320Z'
}
{
  service: 'user-service',
  statusCode: 400,
  level: 'error',
  message: 'GlobalErrorHander Either both FirstName and LastName should be provide or neither',
  stack: 'Error: Either both FirstName and LastName should be provide or neither\n' +
    '    at E:\\Programing Hero\\New folder\\Cow Hut Backend Server\\src\\app\\modules\\users\\user.service.ts:122:11\n' +
    '    at Generator.next (<anonymous>)\n' +
    '    at E:\\Programing Hero\\New folder\\Cow Hut Backend Server\\src\\app\\modules\\users\\user.service.ts:8:71\n' +
    '    at new Promise (<anonymous>)\n' +
    '    at __awaiter (E:\\Programing Hero\\New folder\\Cow Hut Backend Server\\src\\app\\modules\\users\\user.service.ts:4:12)\n' +
    '    at Object.updateUser (E:\\Programing Hero\\New folder\\Cow Hut Backend Server\\src\\app\\modules\\users\\user.service.ts:114:28)\n' +
    '    at E:\\Programing Hero\\New folder\\Cow Hut Backend Server\\src\\app\\modules\\users\\user.controller.ts:51:36\n' +
    '    at Generator.next (<anonymous>)\n' +
    '    at E:\\Programing Hero\\New folder\\Cow Hut Backend Server\\src\\app\\modules\\users\\user.controller.ts:8:71\n' +
    '    at new Promise (<anonymous>)',
  label: 'COW',
  timestamp: '2023-06-16T18:51:50.427Z'
}
