{
  service: 'user-service',
  statusCode: 400,
  level: 'error',
  message: 'GlobalErrorHander FirstName is required',
  stack: 'Error: FirstName is required\n' +
    '    at E:\\Programing Hero\\New folder\\Cow Hut Backend Server\\src\\app\\modules\\users\\user.service.ts:121:11\n' +
    '    at Generator.next (<anonymous>)\n' +
    '    at E:\\Programing Hero\\New folder\\Cow Hut Backend Server\\src\\app\\modules\\users\\user.service.ts:8:71\n' +
    '    at new Promise (<anonymous>)\n' +
    '    at __awaiter (E:\\Programing Hero\\New folder\\Cow Hut Backend Server\\src\\app\\modules\\users\\user.service.ts:4:12)\n' +
    '    at Object.updateUser (E:\\Programing Hero\\New folder\\Cow Hut Backend Server\\src\\app\\modules\\users\\user.service.ts:114:28)\n' +
    '    at E:\\Programing Hero\\New folder\\Cow Hut Backend Server\\src\\app\\modules\\users\\user.controller.ts:51:36\n' +
    '    at Generator.next (<anonymous>)\n' +
    '    at E:\\Programing Hero\\New folder\\Cow Hut Backend Server\\src\\app\\modules\\users\\user.controller.ts:8:71\n' +
    '    at new Promise (<anonymous>)',
  label: 'COW',
  timestamp: '2023-06-16T19:06:35.937Z'
}
{
  service: 'user-service',
  statusCode: 400,
  level: 'error',
  message: 'GlobalErrorHander FirstName is required',
  stack: 'Error: FirstName is required\n' +
    '    at E:\\Programing Hero\\New folder\\Cow Hut Backend Server\\src\\app\\modules\\users\\user.service.ts:118:11\n' +
    '    at Generator.next (<anonymous>)\n' +
    '    at E:\\Programing Hero\\New folder\\Cow Hut Backend Server\\src\\app\\modules\\users\\user.service.ts:8:71\n' +
    '    at new Promise (<anonymous>)\n' +
    '    at __awaiter (E:\\Programing Hero\\New folder\\Cow Hut Backend Server\\src\\app\\modules\\users\\user.service.ts:4:12)\n' +
    '    at Object.updateUser (E:\\Programing Hero\\New folder\\Cow Hut Backend Server\\src\\app\\modules\\users\\user.service.ts:114:28)\n' +
    '    at E:\\Programing Hero\\New folder\\Cow Hut Backend Server\\src\\app\\modules\\users\\user.controller.ts:51:36\n' +
    '    at Generator.next (<anonymous>)\n' +
    '    at E:\\Programing Hero\\New folder\\Cow Hut Backend Server\\src\\app\\modules\\users\\user.controller.ts:8:71\n' +
    '    at new Promise (<anonymous>)',
  label: 'COW',
  timestamp: '2023-06-16T19:11:20.306Z'
}
{
  service: 'user-service',
  statusCode: 400,
  level: 'error',
  message: 'GlobalErrorHander FirstName is required',
  stack: 'Error: FirstName is required\n' +
    '    at E:\\Programing Hero\\New folder\\Cow Hut Backend Server\\src\\app\\modules\\users\\user.service.ts:116:11\n' +
    '    at Generator.next (<anonymous>)\n' +
    '    at E:\\Programing Hero\\New folder\\Cow Hut Backend Server\\src\\app\\modules\\users\\user.service.ts:8:71\n' +
    '    at new Promise (<anonymous>)\n' +
    '    at __awaiter (E:\\Programing Hero\\New folder\\Cow Hut Backend Server\\src\\app\\modules\\users\\user.service.ts:4:12)\n' +
    '    at Object.updateUser (E:\\Programing Hero\\New folder\\Cow Hut Backend Server\\src\\app\\modules\\users\\user.service.ts:114:28)\n' +
    '    at E:\\Programing Hero\\New folder\\Cow Hut Backend Server\\src\\app\\modules\\users\\user.controller.ts:51:36\n' +
    '    at Generator.next (<anonymous>)\n' +
    '    at E:\\Programing Hero\\New folder\\Cow Hut Backend Server\\src\\app\\modules\\users\\user.controller.ts:8:71\n' +
    '    at new Promise (<anonymous>)',
  label: 'COW',
  timestamp: '2023-06-16T19:13:53.335Z'
}
{
  service: 'user-service',
  issues: [
    {
      code: 'custom',
      message: 'Either both FirstName and LastName should be provide or neither',
      path: []
    }
  ],
  addIssue: [Function (anonymous)],
  addIssues: [Function (anonymous)],
  name: 'ZodError',
  level: 'error',
  message: 'GlobalErrorHander [\n' +
    '  {\n' +
    '    "code": "custom",\n' +
    '    "message": "Either both FirstName and LastName should be provide or neither",\n' +
    '    "path": []\n' +
    '  }\n' +
    ']',
  stack: 'ZodError: [\n' +
    '  {\n' +
    '    "code": "custom",\n' +
    '    "message": "Either both FirstName and LastName should be provide or neither",\n' +
    '    "path": []\n' +
    '  }\n' +
    ']\n' +
    '    at Object.get error [as error] (E:\\Programing Hero\\New folder\\Cow Hut Backend Server\\node_modules\\zod\\lib\\types.js:43:31)\n' +
    '    at ZodEffects.parseAsync (E:\\Programing Hero\\New folder\\Cow Hut Backend Server\\node_modules\\zod\\lib\\types.js:164:22)\n' +
    '    at processTicksAndRejections (node:internal/process/task_queues:95:5)',
  label: 'COW',
  timestamp: '2023-06-16T19:14:19.225Z'
}
{
  service: 'user-service',
  issues: [
    {
      code: 'custom',
      message: 'Either both FirstName and LastName should be provide or neither',
      path: []
    }
  ],
  addIssue: [Function (anonymous)],
  addIssues: [Function (anonymous)],
  name: 'ZodError',
  level: 'error',
  message: 'GlobalErrorHander [\n' +
    '  {\n' +
    '    "code": "custom",\n' +
    '    "message": "Either both FirstName and LastName should be provide or neither",\n' +
    '    "path": []\n' +
    '  }\n' +
    ']',
  stack: 'ZodError: [\n' +
    '  {\n' +
    '    "code": "custom",\n' +
    '    "message": "Either both FirstName and LastName should be provide or neither",\n' +
    '    "path": []\n' +
    '  }\n' +
    ']\n' +
    '    at Object.get error [as error] (E:\\Programing Hero\\New folder\\Cow Hut Backend Server\\node_modules\\zod\\lib\\types.js:43:31)\n' +
    '    at ZodEffects.parseAsync (E:\\Programing Hero\\New folder\\Cow Hut Backend Server\\node_modules\\zod\\lib\\types.js:164:22)\n' +
    '    at processTicksAndRejections (node:internal/process/task_queues:95:5)',
  label: 'COW',
  timestamp: '2023-06-16T19:15:20.651Z'
}
{
  service: 'user-service',
  issues: [
    {
      code: 'invalid_type',
      expected: 'object',
      received: 'undefined',
      path: [ 'body', 'name' ],
      message: 'Required'
    },
    {
      code: 'invalid_type',
      expected: 'number',
      received: 'string',
      path: [ 'body', 'income' ],
      message: 'Expected number, received string'
    }
  ],
  addIssue: [Function (anonymous)],
  addIssues: [Function (anonymous)],
  name: 'ZodError',
  level: 'error',
  message: 'GlobalErrorHander [\n' +
    '  {\n' +
    '    "code": "invalid_type",\n' +
    '    "expected": "object",\n' +
    '    "received": "undefined",\n' +
    '    "path": [\n' +
    '      "body",\n' +
    '      "name"\n' +
    '    ],\n' +
    '    "message": "Required"\n' +
    '  },\n' +
    '  {\n' +
    '    "code": "invalid_type",\n' +
    '    "expected": "number",\n' +
    '    "received": "string",\n' +
    '    "path": [\n' +
    '      "body",\n' +
    '      "income"\n' +
    '    ],\n' +
    '    "message": "Expected number, received string"\n' +
    '  }\n' +
    ']',
  stack: 'ZodError: [\n' +
    '  {\n' +
    '    "code": "invalid_type",\n' +
    '    "expected": "object",\n' +
    '    "received": "undefined",\n' +
    '    "path": [\n' +
    '      "body",\n' +
    '      "name"\n' +
    '    ],\n' +
    '    "message": "Required"\n' +
    '  },\n' +
    '  {\n' +
    '    "code": "invalid_type",\n' +
    '    "expected": "number",\n' +
    '    "received": "string",\n' +
    '    "path": [\n' +
    '      "body",\n' +
    '      "income"\n' +
    '    ],\n' +
    '    "message": "Expected number, received string"\n' +
    '  }\n' +
    ']\n' +
    '    at Object.get error [as error] (E:\\Programing Hero\\New folder\\Cow Hut Backend Server\\node_modules\\zod\\lib\\types.js:43:31)\n' +
    '    at ZodEffects.parseAsync (E:\\Programing Hero\\New folder\\Cow Hut Backend Server\\node_modules\\zod\\lib\\types.js:164:22)\n' +
    '    at processTicksAndRejections (node:internal/process/task_queues:95:5)',
  label: 'COW',
  timestamp: '2023-06-16T19:17:36.634Z'
}
{
  service: 'user-service',
  issues: [
    {
      code: 'invalid_type',
      expected: 'number',
      received: 'string',
      path: [ 'body', 'income' ],
      message: 'Expected number, received string'
    }
  ],
  addIssue: [Function (anonymous)],
  addIssues: [Function (anonymous)],
  name: 'ZodError',
  level: 'error',
  message: 'GlobalErrorHander [\n' +
    '  {\n' +
    '    "code": "invalid_type",\n' +
    '    "expected": "number",\n' +
    '    "received": "string",\n' +
    '    "path": [\n' +
    '      "body",\n' +
    '      "income"\n' +
    '    ],\n' +
    '    "message": "Expected number, received string"\n' +
    '  }\n' +
    ']',
  stack: 'ZodError: [\n' +
    '  {\n' +
    '    "code": "invalid_type",\n' +
    '    "expected": "number",\n' +
    '    "received": "string",\n' +
    '    "path": [\n' +
    '      "body",\n' +
    '      "income"\n' +
    '    ],\n' +
    '    "message": "Expected number, received string"\n' +
    '  }\n' +
    ']\n' +
    '    at Object.get error [as error] (E:\\Programing Hero\\New folder\\Cow Hut Backend Server\\node_modules\\zod\\lib\\types.js:43:31)\n' +
    '    at ZodEffects.parseAsync (E:\\Programing Hero\\New folder\\Cow Hut Backend Server\\node_modules\\zod\\lib\\types.js:164:22)\n' +
    '    at processTicksAndRejections (node:internal/process/task_queues:95:5)',
  label: 'COW',
  timestamp: '2023-06-16T19:19:10.114Z'
}
{
  service: 'user-service',
  statusCode: 400,
  level: 'error',
  message: 'GlobalErrorHander Either both FirstName and LastName should be provide or neither',
  stack: 'Error: Either both FirstName and LastName should be provide or neither\n' +
    '    at E:\\Programing Hero\\New folder\\Cow Hut Backend Server\\src\\app\\modules\\users\\user.service.ts:116:11\n' +
    '    at Generator.next (<anonymous>)\n' +
    '    at E:\\Programing Hero\\New folder\\Cow Hut Backend Server\\src\\app\\modules\\users\\user.service.ts:8:71\n' +
    '    at new Promise (<anonymous>)\n' +
    '    at __awaiter (E:\\Programing Hero\\New folder\\Cow Hut Backend Server\\src\\app\\modules\\users\\user.service.ts:4:12)\n' +
    '    at Object.updateUser (E:\\Programing Hero\\New folder\\Cow Hut Backend Server\\src\\app\\modules\\users\\user.service.ts:114:28)\n' +
    '    at E:\\Programing Hero\\New folder\\Cow Hut Backend Server\\src\\app\\modules\\users\\user.controller.ts:51:36\n' +
    '    at Generator.next (<anonymous>)\n' +
    '    at E:\\Programing Hero\\New folder\\Cow Hut Backend Server\\src\\app\\modules\\users\\user.controller.ts:8:71\n' +
    '    at new Promise (<anonymous>)',
  label: 'COW',
  timestamp: '2023-06-16T19:19:32.427Z'
}
{
  service: 'user-service',
  statusCode: 400,
  level: 'error',
  message: 'GlobalErrorHander FirstName is required',
  stack: 'Error: FirstName is required\n' +
    '    at E:\\Programing Hero\\New folder\\Cow Hut Backend Server\\src\\app\\modules\\users\\user.service.ts:116:11\n' +
    '    at Generator.next (<anonymous>)\n' +
    '    at E:\\Programing Hero\\New folder\\Cow Hut Backend Server\\src\\app\\modules\\users\\user.service.ts:8:71\n' +
    '    at new Promise (<anonymous>)\n' +
    '    at __awaiter (E:\\Programing Hero\\New folder\\Cow Hut Backend Server\\src\\app\\modules\\users\\user.service.ts:4:12)\n' +
    '    at Object.updateUser (E:\\Programing Hero\\New folder\\Cow Hut Backend Server\\src\\app\\modules\\users\\user.service.ts:114:28)\n' +
    '    at E:\\Programing Hero\\New folder\\Cow Hut Backend Server\\src\\app\\modules\\users\\user.controller.ts:51:36\n' +
    '    at Generator.next (<anonymous>)\n' +
    '    at E:\\Programing Hero\\New folder\\Cow Hut Backend Server\\src\\app\\modules\\users\\user.controller.ts:8:71\n' +
    '    at new Promise (<anonymous>)',
  label: 'COW',
  timestamp: '2023-06-16T19:20:31.783Z'
}
{
  service: 'user-service',
  issues: [
    {
      received: 'bhumi',
      code: 'invalid_enum_value',
      options: [ 'seller', 'buyer' ],
      path: [ 'body', 'role' ],
      message: "Invalid enum value. Expected 'seller' | 'buyer', received 'bhumi'"
    }
  ],
  addIssue: [Function (anonymous)],
  addIssues: [Function (anonymous)],
  name: 'ZodError',
  level: 'error',
  message: 'GlobalErrorHander [\n' +
    '  {\n' +
    '    "received": "bhumi",\n' +
    '    "code": "invalid_enum_value",\n' +
    '    "options": [\n' +
    '      "seller",\n' +
    '      "buyer"\n' +
    '    ],\n' +
    '    "path": [\n' +
    '      "body",\n' +
    '      "role"\n' +
    '    ],\n' +
    `    "message": "Invalid enum value. Expected 'seller' | 'buyer', received 'bhumi'"\n` +
    '  }\n' +
    ']',
  stack: 'ZodError: [\n' +
    '  {\n' +
    '    "received": "bhumi",\n' +
    '    "code": "invalid_enum_value",\n' +
    '    "options": [\n' +
    '      "seller",\n' +
    '      "buyer"\n' +
    '    ],\n' +
    '    "path": [\n' +
    '      "body",\n' +
    '      "role"\n' +
    '    ],\n' +
    `    "message": "Invalid enum value. Expected 'seller' | 'buyer', received 'bhumi'"\n` +
    '  }\n' +
    ']\n' +
    '    at Object.get error [as error] (E:\\Programing Hero\\New folder\\Cow Hut Backend Server\\node_modules\\zod\\lib\\types.js:43:31)\n' +
    '    at ZodEffects.parseAsync (E:\\Programing Hero\\New folder\\Cow Hut Backend Server\\node_modules\\zod\\lib\\types.js:164:22)\n' +
    '    at processTicksAndRejections (node:internal/process/task_queues:95:5)',
  label: 'COW',
  timestamp: '2023-06-16T19:24:13.528Z'
}
