{
  service: 'user-service',
  issues: [
    {
      expected: "'for sale' | 'sold out'",
      received: 'undefined',
      code: 'invalid_type',
      path: [ 'body', 'lebel' ],
      message: 'Lebel is required'
    }
  ],
  addIssue: [Function (anonymous)],
  addIssues: [Function (anonymous)],
  name: 'ZodError',
  level: 'error',
  message: 'GlobalErrorHander [\n' +
    '  {\n' +
    `    "expected": "'for sale' | 'sold out'",\n` +
    '    "received": "undefined",\n' +
    '    "code": "invalid_type",\n' +
    '    "path": [\n' +
    '      "body",\n' +
    '      "lebel"\n' +
    '    ],\n' +
    '    "message": "Lebel is required"\n' +
    '  }\n' +
    ']',
  stack: 'ZodError: [\n' +
    '  {\n' +
    `    "expected": "'for sale' | 'sold out'",\n` +
    '    "received": "undefined",\n' +
    '    "code": "invalid_type",\n' +
    '    "path": [\n' +
    '      "body",\n' +
    '      "lebel"\n' +
    '    ],\n' +
    '    "message": "Lebel is required"\n' +
    '  }\n' +
    ']\n' +
    '    at Object.get error [as error] (E:\\Programing Hero\\New folder\\Cow Hut Backend Server\\node_modules\\zod\\lib\\types.js:43:31)\n' +
    '    at ZodObject.parseAsync (E:\\Programing Hero\\New folder\\Cow Hut Backend Server\\node_modules\\zod\\lib\\types.js:164:22)\n' +
    '    at processTicksAndRejections (node:internal/process/task_queues:95:5)',
  label: 'COW',
  timestamp: '2023-06-17T04:00:14.420Z'
}
{
  service: 'user-service',
  issues: [
    {
      expected: "'for sale' | 'sold out'",
      received: 'undefined',
      code: 'invalid_type',
      path: [ 'body', 'lebel' ],
      message: 'Lebel is required'
    }
  ],
  addIssue: [Function (anonymous)],
  addIssues: [Function (anonymous)],
  name: 'ZodError',
  level: 'error',
  message: 'GlobalErrorHander [\n' +
    '  {\n' +
    `    "expected": "'for sale' | 'sold out'",\n` +
    '    "received": "undefined",\n' +
    '    "code": "invalid_type",\n' +
    '    "path": [\n' +
    '      "body",\n' +
    '      "lebel"\n' +
    '    ],\n' +
    '    "message": "Lebel is required"\n' +
    '  }\n' +
    ']',
  stack: 'ZodError: [\n' +
    '  {\n' +
    `    "expected": "'for sale' | 'sold out'",\n` +
    '    "received": "undefined",\n' +
    '    "code": "invalid_type",\n' +
    '    "path": [\n' +
    '      "body",\n' +
    '      "lebel"\n' +
    '    ],\n' +
    '    "message": "Lebel is required"\n' +
    '  }\n' +
    ']\n' +
    '    at Object.get error [as error] (E:\\Programing Hero\\New folder\\Cow Hut Backend Server\\node_modules\\zod\\lib\\types.js:43:31)\n' +
    '    at ZodObject.parseAsync (E:\\Programing Hero\\New folder\\Cow Hut Backend Server\\node_modules\\zod\\lib\\types.js:164:22)\n' +
    '    at processTicksAndRejections (node:internal/process/task_queues:95:5)',
  label: 'COW',
  timestamp: '2023-06-17T04:01:19.157Z'
}
