{
  service: 'user-service',
  stringValue: '"{}"',
  messageFormat: undefined,
  kind: 'ObjectId',
  value: {},
  path: '_id',
  reason: BSONError: Argument passed in must be a string of 12 bytes or a string of 24 hex characters or an integer
      at new ObjectId (E:\Programing Hero\New folder\Cow Hut Backend Server\node_modules\bson\src\objectid.ts:88:15)
      at castObjectId (E:\Programing Hero\New folder\Cow Hut Backend Server\node_modules\mongoose\lib\cast\objectid.js:25:12)
      at ObjectId.cast (E:\Programing Hero\New folder\Cow Hut Backend Server\node_modules\mongoose\lib\schema\objectid.js:246:12)
      at ObjectId.SchemaType.applySetters (E:\Programing Hero\New folder\Cow Hut Backend Server\node_modules\mongoose\lib\schematype.js:1204:12)
      at ObjectId.SchemaType.castForQuery (E:\Programing Hero\New folder\Cow Hut Backend Server\node_modules\mongoose\lib\schematype.js:1616:15)
      at cast (E:\Programing Hero\New folder\Cow Hut Backend Server\node_modules\mongoose\lib\cast.js:290:34)
      at model.Query.Query.cast (E:\Programing Hero\New folder\Cow Hut Backend Server\node_modules\mongoose\lib\query.js:4874:12)
      at model.Query.Query._castConditions (E:\Programing Hero\New folder\Cow Hut Backend Server\node_modules\mongoose\lib\query.js:2210:10)
      at model.Query._findOne (E:\Programing Hero\New folder\Cow Hut Backend Server\node_modules\mongoose\lib\query.js:2497:8)
      at model.Query.exec (E:\Programing Hero\New folder\Cow Hut Backend Server\node_modules\mongoose\lib\query.js:4404:28),
  valueType: 'Object',
  model: Model { User },
  level: 'error',
  message: 'GlobalErrorHander Cast to ObjectId failed for value "{}" (type Object) at path "_id" for model "User"',
  stack: 'CastError: Cast to ObjectId failed for value "{}" (type Object) at path "_id" for model "User"\n' +
    '    at ObjectId.cast (E:\\Programing Hero\\New folder\\Cow Hut Backend Server\\node_modules\\mongoose\\lib\\schema\\objectid.js:248:11)\n' +
    '    at ObjectId.SchemaType.applySetters (E:\\Programing Hero\\New folder\\Cow Hut Backend Server\\node_modules\\mongoose\\lib\\schematype.js:1204:12)\n' +
    '    at ObjectId.SchemaType.castForQuery (E:\\Programing Hero\\New folder\\Cow Hut Backend Server\\node_modules\\mongoose\\lib\\schematype.js:1616:15)\n' +
    '    at cast (E:\\Programing Hero\\New folder\\Cow Hut Backend Server\\node_modules\\mongoose\\lib\\cast.js:290:34)\n' +
    '    at model.Query.Query.cast (E:\\Programing Hero\\New folder\\Cow Hut Backend Server\\node_modules\\mongoose\\lib\\query.js:4874:12)\n' +
    '    at model.Query.Query._castConditions (E:\\Programing Hero\\New folder\\Cow Hut Backend Server\\node_modules\\mongoose\\lib\\query.js:2210:10)\n' +
    '    at model.Query._findOne (E:\\Programing Hero\\New folder\\Cow Hut Backend Server\\node_modules\\mongoose\\lib\\query.js:2497:8)\n' +
    '    at model.Query.exec (E:\\Programing Hero\\New folder\\Cow Hut Backend Server\\node_modules\\mongoose\\lib\\query.js:4404:28)\n' +
    '    at processTicksAndRejections (node:internal/process/task_queues:95:5)',
  label: 'COW',
  timestamp: '2023-06-18T06:17:17.595Z'
}
{
  service: 'user-service',
  stringValue: '"{}"',
  messageFormat: undefined,
  kind: 'ObjectId',
  value: {},
  path: '_id',
  reason: BSONError: Argument passed in must be a string of 12 bytes or a string of 24 hex characters or an integer
      at new ObjectId (E:\Programing Hero\New folder\Cow Hut Backend Server\node_modules\bson\src\objectid.ts:88:15)
      at castObjectId (E:\Programing Hero\New folder\Cow Hut Backend Server\node_modules\mongoose\lib\cast\objectid.js:25:12)
      at ObjectId.cast (E:\Programing Hero\New folder\Cow Hut Backend Server\node_modules\mongoose\lib\schema\objectid.js:246:12)
      at ObjectId.SchemaType.applySetters (E:\Programing Hero\New folder\Cow Hut Backend Server\node_modules\mongoose\lib\schematype.js:1204:12)
      at ObjectId.SchemaType.castForQuery (E:\Programing Hero\New folder\Cow Hut Backend Server\node_modules\mongoose\lib\schematype.js:1616:15)
      at cast (E:\Programing Hero\New folder\Cow Hut Backend Server\node_modules\mongoose\lib\cast.js:290:34)
      at model.Query.Query.cast (E:\Programing Hero\New folder\Cow Hut Backend Server\node_modules\mongoose\lib\query.js:4874:12)
      at model.Query.Query._castConditions (E:\Programing Hero\New folder\Cow Hut Backend Server\node_modules\mongoose\lib\query.js:2210:10)
      at model.Query._findOne (E:\Programing Hero\New folder\Cow Hut Backend Server\node_modules\mongoose\lib\query.js:2497:8)
      at model.Query.exec (E:\Programing Hero\New folder\Cow Hut Backend Server\node_modules\mongoose\lib\query.js:4404:28),
  valueType: 'Object',
  model: Model { User },
  level: 'error',
  message: 'GlobalErrorHander Cast to ObjectId failed for value "{}" (type Object) at path "_id" for model "User"',
  stack: 'CastError: Cast to ObjectId failed for value "{}" (type Object) at path "_id" for model "User"\n' +
    '    at ObjectId.cast (E:\\Programing Hero\\New folder\\Cow Hut Backend Server\\node_modules\\mongoose\\lib\\schema\\objectid.js:248:11)\n' +
    '    at ObjectId.SchemaType.applySetters (E:\\Programing Hero\\New folder\\Cow Hut Backend Server\\node_modules\\mongoose\\lib\\schematype.js:1204:12)\n' +
    '    at ObjectId.SchemaType.castForQuery (E:\\Programing Hero\\New folder\\Cow Hut Backend Server\\node_modules\\mongoose\\lib\\schematype.js:1616:15)\n' +
    '    at cast (E:\\Programing Hero\\New folder\\Cow Hut Backend Server\\node_modules\\mongoose\\lib\\cast.js:290:34)\n' +
    '    at model.Query.Query.cast (E:\\Programing Hero\\New folder\\Cow Hut Backend Server\\node_modules\\mongoose\\lib\\query.js:4874:12)\n' +
    '    at model.Query.Query._castConditions (E:\\Programing Hero\\New folder\\Cow Hut Backend Server\\node_modules\\mongoose\\lib\\query.js:2210:10)\n' +
    '    at model.Query._findOne (E:\\Programing Hero\\New folder\\Cow Hut Backend Server\\node_modules\\mongoose\\lib\\query.js:2497:8)\n' +
    '    at model.Query.exec (E:\\Programing Hero\\New folder\\Cow Hut Backend Server\\node_modules\\mongoose\\lib\\query.js:4404:28)\n' +
    '    at processTicksAndRejections (node:internal/process/task_queues:95:5)',
  label: 'COW',
  timestamp: '2023-06-18T06:19:26.602Z'
}
{
  service: 'user-service',
  stringValue: '"{}"',
  messageFormat: undefined,
  kind: 'ObjectId',
  value: {},
  path: '_id',
  reason: BSONError: Argument passed in must be a string of 12 bytes or a string of 24 hex characters or an integer
      at new ObjectId (E:\Programing Hero\New folder\Cow Hut Backend Server\node_modules\bson\src\objectid.ts:88:15)
      at castObjectId (E:\Programing Hero\New folder\Cow Hut Backend Server\node_modules\mongoose\lib\cast\objectid.js:25:12)
      at ObjectId.cast (E:\Programing Hero\New folder\Cow Hut Backend Server\node_modules\mongoose\lib\schema\objectid.js:246:12)
      at ObjectId.SchemaType.applySetters (E:\Programing Hero\New folder\Cow Hut Backend Server\node_modules\mongoose\lib\schematype.js:1204:12)
      at ObjectId.SchemaType.castForQuery (E:\Programing Hero\New folder\Cow Hut Backend Server\node_modules\mongoose\lib\schematype.js:1616:15)
      at cast (E:\Programing Hero\New folder\Cow Hut Backend Server\node_modules\mongoose\lib\cast.js:290:34)
      at model.Query.Query.cast (E:\Programing Hero\New folder\Cow Hut Backend Server\node_modules\mongoose\lib\query.js:4874:12)
      at model.Query.Query._castConditions (E:\Programing Hero\New folder\Cow Hut Backend Server\node_modules\mongoose\lib\query.js:2210:10)
      at model.Query._findOne (E:\Programing Hero\New folder\Cow Hut Backend Server\node_modules\mongoose\lib\query.js:2497:8)
      at model.Query.exec (E:\Programing Hero\New folder\Cow Hut Backend Server\node_modules\mongoose\lib\query.js:4404:28),
  valueType: 'Object',
  model: Model { User },
  level: 'error',
  message: 'GlobalErrorHander Cast to ObjectId failed for value "{}" (type Object) at path "_id" for model "User"',
  stack: 'CastError: Cast to ObjectId failed for value "{}" (type Object) at path "_id" for model "User"\n' +
    '    at ObjectId.cast (E:\\Programing Hero\\New folder\\Cow Hut Backend Server\\node_modules\\mongoose\\lib\\schema\\objectid.js:248:11)\n' +
    '    at ObjectId.SchemaType.applySetters (E:\\Programing Hero\\New folder\\Cow Hut Backend Server\\node_modules\\mongoose\\lib\\schematype.js:1204:12)\n' +
    '    at ObjectId.SchemaType.castForQuery (E:\\Programing Hero\\New folder\\Cow Hut Backend Server\\node_modules\\mongoose\\lib\\schematype.js:1616:15)\n' +
    '    at cast (E:\\Programing Hero\\New folder\\Cow Hut Backend Server\\node_modules\\mongoose\\lib\\cast.js:290:34)\n' +
    '    at model.Query.Query.cast (E:\\Programing Hero\\New folder\\Cow Hut Backend Server\\node_modules\\mongoose\\lib\\query.js:4874:12)\n' +
    '    at model.Query.Query._castConditions (E:\\Programing Hero\\New folder\\Cow Hut Backend Server\\node_modules\\mongoose\\lib\\query.js:2210:10)\n' +
    '    at model.Query._findOne (E:\\Programing Hero\\New folder\\Cow Hut Backend Server\\node_modules\\mongoose\\lib\\query.js:2497:8)\n' +
    '    at model.Query.exec (E:\\Programing Hero\\New folder\\Cow Hut Backend Server\\node_modules\\mongoose\\lib\\query.js:4404:28)\n' +
    '    at processTicksAndRejections (node:internal/process/task_queues:95:5)',
  label: 'COW',
  timestamp: '2023-06-18T06:22:14.352Z'
}
{
  service: 'user-service',
  statusCode: 400,
  level: 'error',
  message: 'GlobalErrorHander Your Need More Budget buying This Cow',
  stack: 'Error: Your Need More Budget buying This Cow\n' +
    '    at E:\\Programing Hero\\New folder\\Cow Hut Backend Server\\src\\app\\modules\\order\\order.Service.ts:36:13\n' +
    '    at Generator.next (<anonymous>)\n' +
    '    at fulfilled (E:\\Programing Hero\\New folder\\Cow Hut Backend Server\\src\\app\\modules\\order\\order.Service.ts:5:58)\n' +
    '    at processTicksAndRejections (node:internal/process/task_queues:95:5)',
  label: 'COW',
  timestamp: '2023-06-18T06:24:12.508Z'
}
{
  service: 'user-service',
  statusCode: 400,
  level: 'error',
  message: 'GlobalErrorHander Your Need More Budget buying This Cow',
  stack: 'Error: Your Need More Budget buying This Cow\n' +
    '    at E:\\Programing Hero\\New folder\\Cow Hut Backend Server\\src\\app\\modules\\order\\order.Service.ts:36:13\n' +
    '    at Generator.next (<anonymous>)\n' +
    '    at fulfilled (E:\\Programing Hero\\New folder\\Cow Hut Backend Server\\src\\app\\modules\\order\\order.Service.ts:5:58)\n' +
    '    at processTicksAndRejections (node:internal/process/task_queues:95:5)',
  label: 'COW',
  timestamp: '2023-06-18T06:25:59.835Z'
}
{
  service: 'user-service',
  index: 0,
  code: 11000,
  keyPattern: { buyer: 1 },
  keyValue: { buyer: new ObjectId("648ea3d7c92c5f14b105cab5") },
  level: 'error',
  message: "GlobalErrorHander E11000 duplicate key error collection: digital-cow-hut.orders index: buyer_1 dup key: { buyer: ObjectId('648ea3d7c92c5f14b105cab5') }",
  stack: "MongoServerError: E11000 duplicate key error collection: digital-cow-hut.orders index: buyer_1 dup key: { buyer: ObjectId('648ea3d7c92c5f14b105cab5') }\n" +
    '    at E:\\Programing Hero\\New folder\\Cow Hut Backend Server\\node_modules\\mongodb\\src\\operations\\insert.ts:85:25\n' +
    '    at E:\\Programing Hero\\New folder\\Cow Hut Backend Server\\node_modules\\mongodb\\src\\cmap\\connection_pool.ts:574:11\n' +
    '    at E:\\Programing Hero\\New folder\\Cow Hut Backend Server\\node_modules\\mongodb\\src\\sdam\\server.ts:368:13\n' +
    '    at handleOperationResult (E:\\Programing Hero\\New folder\\Cow Hut Backend Server\\node_modules\\mongodb\\src\\sdam\\server.ts:502:14)\n' +
    '    at Connection.onMessage (E:\\Programing Hero\\New folder\\Cow Hut Backend Server\\node_modules\\mongodb\\src\\cmap\\connection.ts:418:5)\n' +
    '    at MessageStream.<anonymous> (E:\\Programing Hero\\New folder\\Cow Hut Backend Server\\node_modules\\mongodb\\src\\cmap\\connection.ts:243:56)\n' +
    '    at MessageStream.emit (node:events:512:28)\n' +
    '    at processIncomingData (E:\\Programing Hero\\New folder\\Cow Hut Backend Server\\node_modules\\mongodb\\src\\cmap\\message_stream.ts:187:12)\n' +
    '    at MessageStream._write (E:\\Programing Hero\\New folder\\Cow Hut Backend Server\\node_modules\\mongodb\\src\\cmap\\message_stream.ts:68:5)\n' +
    '    at writeOrBuffer (node:internal/streams/writable:392:12)',
  label: 'COW',
  timestamp: '2023-06-18T06:57:53.003Z',
  [Symbol(errorLabels)]: Set(0) {}
}
{
  service: 'user-service',
  statusCode: 400,
  level: 'error',
  message: 'GlobalErrorHander Your Need More Budget buying This Cow',
  stack: 'Error: Your Need More Budget buying This Cow\n' +
    '    at E:\\Programing Hero\\New folder\\Cow Hut Backend Server\\src\\app\\modules\\order\\order.Service.ts:36:13\n' +
    '    at Generator.next (<anonymous>)\n' +
    '    at fulfilled (E:\\Programing Hero\\New folder\\Cow Hut Backend Server\\src\\app\\modules\\order\\order.Service.ts:5:58)\n' +
    '    at processTicksAndRejections (node:internal/process/task_queues:95:5)',
  label: 'COW',
  timestamp: '2023-06-18T06:59:46.611Z'
}
