{
  service: 'user-service',
  index: 0,
  code: 11000,
  keyPattern: { cow: 1 },
  keyValue: { cow: null },
  level: 'error',
  message: 'GlobalErrorHander E11000 duplicate key error collection: digital-cow-hut.orders index: cow_1 dup key: { cow: null }',
  stack: 'MongoServerError: E11000 duplicate key error collection: digital-cow-hut.orders index: cow_1 dup key: { cow: null }\n' +
    '    at E:\\Programing Hero\\New folder\\Cow Hut Backend Server\\node_modules\\mongodb\\src\\operations\\insert.ts:85:25\n' +
    '    at E:\\Programing Hero\\New folder\\Cow Hut Backend Server\\node_modules\\mongodb\\src\\cmap\\connection_pool.ts:574:11\n' +
    '    at E:\\Programing Hero\\New folder\\Cow Hut Backend Server\\node_modules\\mongodb\\src\\sdam\\server.ts:368:13\n' +
    '    at handleOperationResult (E:\\Programing Hero\\New folder\\Cow Hut Backend Server\\node_modules\\mongodb\\src\\sdam\\server.ts:502:14)\n' +
    '    at Connection.onMessage (E:\\Programing Hero\\New folder\\Cow Hut Backend Server\\node_modules\\mongodb\\src\\cmap\\connection.ts:418:5)\n' +
    '    at MessageStream.<anonymous> (E:\\Programing Hero\\New folder\\Cow Hut Backend Server\\node_modules\\mongodb\\src\\cmap\\connection.ts:243:56)\n' +
    '    at MessageStream.emit (node:events:512:28)\n' +
    '    at processIncomingData (E:\\Programing Hero\\New folder\\Cow Hut Backend Server\\node_modules\\mongodb\\src\\cmap\\message_stream.ts:187:12)\n' +
    '    at MessageStream._write (E:\\Programing Hero\\New folder\\Cow Hut Backend Server\\node_modules\\mongodb\\src\\cmap\\message_stream.ts:68:5)\n' +
    '    at writeOrBuffer (node:internal/streams/writable:392:12)',
  label: 'COW',
  timestamp: '2023-06-17T19:38:57.007Z',
  [Symbol(errorLabels)]: Set(0) {}
}
